Starting zsim, built Sat Feb 6 15:32:13 -05 2021 (rev no git repo)
[H] Creating global segment, 8192 MBs
[H] Global segment shmid = 1509949443
[H] Deadlock detection ON
launchprocess 0
cmd:/home/martin.carrasco/mat_mult
/home/martin.carrasco/HSCC/zsim-nvmain/pin_kit/intel64/bin/pinbin -ifeellucky -follow_execv -tool_exit_timeout 1 -t /home/martin.carrasco/HSCC/zsim-nvmain/bin/libzsim.so -config /home/martin.carrasco/HSCC/zsim-nvmain/config/hdrc_test.cfg -outputDir /home/martin.carrasco/HSCC/zsim-nvmain/bin/exec_1 -shmid 1509949443 -logToFile -procIdx 0 -- /home/martin.carrasco/mat_mult 
create hier dram cache
************create nvmain---
GetGlobalEventQueue:0x30cbcfb8
nvmainConfig:0x7ffff7e07040
NVMain: GlobalEventQueue: Added a memory subsystem running at 666MHz. My frequency is 3200MHz.
set config for HierDRAMCache
cache line size is 64
************create nvmain---
NVMain: GlobalEventQueue: Added a memory subsystem running at 666MHz. My frequency is 3200MHz.
Warning: Sim Interface should be allocated before configuration!
cols is64
rows is32768
ranks is8
banks is8
ranks is8
channels is4
subarrays is1
Created a First Ready First Come First Serve memory controller!
channel decoder:
Creating 8 banks in all 8 devices.
Creating 8 banks in all 8 devices.
Creating 8 banks in all 8 devices.
Creating 8 banks in all 8 devices.
Creating 8 banks in all 8 devices.
Creating 8 banks in all 8 devices.
Creating 8 banks in all 8 devices.
Creating 8 banks in all 8 devices.
MainMemory.channel0.FRFCFS capacity is 8192 MB.
Creating 64 command queues.
set refreshqueued8 8
Created a First Ready First Come First Serve memory controller!
channel decoder:
Creating 8 banks in all 8 devices.
Creating 8 banks in all 8 devices.
Creating 8 banks in all 8 devices.
Creating 8 banks in all 8 devices.
Creating 8 banks in all 8 devices.
Creating 8 banks in all 8 devices.
Creating 8 banks in all 8 devices.
Creating 8 banks in all 8 devices.
MainMemory.channel1.FRFCFS capacity is 8192 MB.
Creating 64 command queues.
set refreshqueued8 8
Created a First Ready First Come First Serve memory controller!
channel decoder:
Creating 8 banks in all 8 devices.
Creating 8 banks in all 8 devices.
Creating 8 banks in all 8 devices.
Creating 8 banks in all 8 devices.
Creating 8 banks in all 8 devices.
Creating 8 banks in all 8 devices.
Creating 8 banks in all 8 devices.
Creating 8 banks in all 8 devices.
MainMemory.channel2.FRFCFS capacity is 8192 MB.
Creating 64 command queues.
set refreshqueued8 8
Created a First Ready First Come First Serve memory controller!
channel decoder:
Creating 8 banks in all 8 devices.
Creating 8 banks in all 8 devices.
Creating 8 banks in all 8 devices.
Creating 8 banks in all 8 devices.
Creating 8 banks in all 8 devices.
Creating 8 banks in all 8 devices.
Creating 8 banks in all 8 devices.
Creating 8 banks in all 8 devices.
MainMemory.channel3.FRFCFS capacity is 8192 MB.
Creating 64 command queues.
set refreshqueued8 8
word size is 64
drcChannels is:1
Could not find Decoder named `'. Using default decoder.
Created a First Ready First Come First Serve memory controller!
channel decoder:
Creating 8 banks in all 8 devices.
hierarch_dram.L0_cache.FRFCFS capacity is 1024 MB.
Creating 8 command queues.
set refreshqueued1 8
memory size is:32GB
mode_str:LongMode_Normal
reversed page table:0
create long mode
counter tlb:0
begin init memory management
maxorder list size:4096
free area init finished
set low mem kbytes
line num:64
[H] Attached to global heap
current count: 1
current count: 2
current count: 3
current count: 4
current count: 5
current count: 6
current count: 7
current count: 8
current count: 9
current count: 10
current count: 11
current count: 12
current count: 13
current count: 14
current count: 15
current count: 16
current count: 17
current count: 18
current count: 19
current count: 20
current count: 21
current count: 22
current count: 23
current count: 24
current count: 25
current count: 26
current count: 27
current count: 28
current count: 29
current count: 30
current count: 31
current count: 32
current count: 33
current count: 34
current count: 35
current count: 36
current count: 37
current count: 38
current count: 39
current count: 40
current count: 41
current count: 42
current count: 43
current count: 44
current count: 45
current count: 46
current count: 47
current count: 48
current count: 49
current count: 50
current count: 51
current count: 52
current count: 53
current count: 54
current count: 55
current count: 56
current count: 57
current count: 58
current count: 59
current count: 60
current count: 61
current count: 62
current count: 63
current count: 64
current count: 65
current count: 66
current count: 67
current count: 68
current count: 69
current count: 70
current count: 71
current count: 72
current count: 73
current count: 74
current count: 75
current count: 76
current count: 77
current count: 78
current count: 79
current count: 80
current count: 81
current count: 82
current count: 83
current count: 84
current count: 85
current count: 86
current count: 87
current count: 88
current count: 89
current count: 90
current count: 91
current count: 92
current count: 93
current count: 94
current count: 95
current count: 96
current count: 97
current count: 98
current count: 99
current count: 100
current count: 101
current count: 102
current count: 103
current count: 104
current count: 105
current count: 106
current count: 107
current count: 108
current count: 109
current count: 110
current count: 111
current count: 112
current count: 113
current count: 114
current count: 115
current count: 116
current count: 117
current count: 118
current count: 119
current count: 120
current count: 121
current count: 122
current count: 123
current count: 124
current count: 125
current count: 126
current count: 127
current count: 128
current count: 129
current count: 130
current count: 131
current count: 132
current count: 133
current count: 134
current count: 135
current count: 136
current count: 137
current count: 138
current count: 139
current count: 140
current count: 141
current count: 142
current count: 143
current count: 144
current count: 145
current count: 146
current count: 147
current count: 148
current count: 149
current count: 150
current count: 151
current count: 152
current count: 153
current count: 154
current count: 155
current count: 156
current count: 157
current count: 158
current count: 159
current count: 160
current count: 161
current count: 162
current count: 163
current count: 164
current count: 165
current count: 166
current count: 167
current count: 168
current count: 169
current count: 170
current count: 171
current count: 172
current count: 173
current count: 174
current count: 175
current count: 176
current count: 177
current count: 178
current count: 179
current count: 180
current count: 181
current count: 182
current count: 183
current count: 184
current count: 185
current count: 186
current count: 187
current count: 188
current count: 189
current count: 190
current count: 191
current count: 192
current count: 193
current count: 194
current count: 195
current count: 196
current count: 197
current count: 198
current count: 199
current count: 200
current count: 201
current count: 202
current count: 203
current count: 204
current count: 205
current count: 206
current count: 207
current count: 208
current count: 209
current count: 210
current count: 211
current count: 212
current count: 213
current count: 214
current count: 215
current count: 216
current count: 217
current count: 218
current count: 219
current count: 220
current count: 221
current count: 222
current count: 223
current count: 224
current count: 225
current count: 226
current count: 227
current count: 228
current count: 229
current count: 230
current count: 231
current count: 232
current count: 233
current count: 234
current count: 235
current count: 236
current count: 237
current count: 238
current count: 239
current count: 240
current count: 241
current count: 242
current count: 243
current count: 244
current count: 245
current count: 246
current count: 247
current count: 248
current count: 249
current count: 250
current count: 251
current count: 252
current count: 253
current count: 254
current count: 255
current count: 256
current count: 257
current count: 258
current count: 259
current count: 260
current count: 261
current count: 262
current count: 263
current count: 264
current count: 265
current count: 266
current count: 267
current count: 268
current count: 269
current count: 270
current count: 271
current count: 272
current count: 273
current count: 274
current count: 275
current count: 276
current count: 277
current count: 278
current count: 279
current count: 280
current count: 281
current count: 282
current count: 283
current count: 284
current count: 285
current count: 286
current count: 287
current count: 288
current count: 289
current count: 290
current count: 291
current count: 292
current count: 293
current count: 294
current count: 295
current count: 296
current count: 297
current count: 298
current count: 299
current count: 300
current count: 301
current count: 302
current count: 303
current count: 304
current count: 305
current count: 306
current count: 307
current count: 308
current count: 309
current count: 310
current count: 311
current count: 312
current count: 313
current count: 314
current count: 315
current count: 316
current count: 317
current count: 318
current count: 319
current count: 320
current count: 321
current count: 322
current count: 323
current count: 324
current count: 325
current count: 326
current count: 327
current count: 328
current count: 329
current count: 330
current count: 331
current count: 332
current count: 333
current count: 334
current count: 335
current count: 336
current count: 337
current count: 338
current count: 339
current count: 340
current count: 341
current count: 342
current count: 343
current count: 344
current count: 345
current count: 346
current count: 347
current count: 348
current count: 349
current count: 350
current count: 351
current count: 352
current count: 353
current count: 354
current count: 355
current count: 356
current count: 357
current count: 358
current count: 359
current count: 360
current count: 361
current count: 362
current count: 363
current count: 364
current count: 365
current count: 366
current count: 367
current count: 368
current count: 369
current count: 370
current count: 371
current count: 372
current count: 373
current count: 374
current count: 375
current count: 376
current count: 377
current count: 378
current count: 379
current count: 380
current count: 381
current count: 382
current count: 383
current count: 384
current count: 385
current count: 386
current count: 387
current count: 388
current count: 389
current count: 390
current count: 391
current count: 392
current count: 393
current count: 394
current count: 395
current count: 396
current count: 397
current count: 398
current count: 399
current count: 400
current count: 401
current count: 402
current count: 403
current count: 404
current count: 405
current count: 406
current count: 407
current count: 408
current count: 409
current count: 410
current count: 411
current count: 412
current count: 413
current count: 414
current count: 415
current count: 416
current count: 417
current count: 418
current count: 419
current count: 420
current count: 421
current count: 422
current count: 423
current count: 424
current count: 425
current count: 426
current count: 427
current count: 428
current count: 429
current count: 430
current count: 431
current count: 432
current count: 433
current count: 434
current count: 435
current count: 436
current count: 437
current count: 438
current count: 439
current count: 440
current count: 441
current count: 442
current count: 443
current count: 444
current count: 445
current count: 446
current count: 447
current count: 448
current count: 449
current count: 450
current count: 451
current count: 452
current count: 453
current count: 454
current count: 455
current count: 456
current count: 457
current count: 458
current count: 459
current count: 460
current count: 461
current count: 462
current count: 463
current count: 464
current count: 465
current count: 466
current count: 467
current count: 468
current count: 469
current count: 470
current count: 471
current count: 472
current count: 473
current count: 474
current count: 475
current count: 476
current count: 477
current count: 478
current count: 479
current count: 480
current count: 481
current count: 482
current count: 483
current count: 484
current count: 485
current count: 486
current count: 487
current count: 488
current count: 489
current count: 490
current count: 491
current count: 492
current count: 493
current count: 494
current count: 495
current count: 496
current count: 497
current count: 498
current count: 499
current count: 500
current count: 501
current count: 502
current count: 503
current count: 504
current count: 505
current count: 506
current count: 507
current count: 508
current count: 509
current count: 510
current count: 511
current count: 512
current count: 513
current count: 514
current count: 515
current count: 516
current count: 517
current count: 518
current count: 519
current count: 520
current count: 521
current count: 522
current count: 523
current count: 524
current count: 525
current count: 526
current count: 527
current count: 528
current count: 529
current count: 530
current count: 531
current count: 532
current count: 533
current count: 534
current count: 535
current count: 536
current count: 537
current count: 538
current count: 539
current count: 540
current count: 541
current count: 542
current count: 543
current count: 544
current count: 545
current count: 546
current count: 547
current count: 548
current count: 549
current count: 550
current count: 551
current count: 552
current count: 553
current count: 554
current count: 555
current count: 556
current count: 557
current count: 558
current count: 559
current count: 560
current count: 561
current count: 562
current count: 563
current count: 564
current count: 565
current count: 566
current count: 567
current count: 568
current count: 569
current count: 570
current count: 571
current count: 572
current count: 573
current count: 574
current count: 575
current count: 576
current count: 577
current count: 578
current count: 579
current count: 580
current count: 581
current count: 582
current count: 583
current count: 584
current count: 585
current count: 586
current count: 587
current count: 588
current count: 589
current count: 590
current count: 591
current count: 592
current count: 593
current count: 594
current count: 595
current count: 596
current count: 597
current count: 598
current count: 599
current count: 600
current count: 601
current count: 602
current count: 603
current count: 604
current count: 605
current count: 606
current count: 607
current count: 608
current count: 609
current count: 610
current count: 611
current count: 612
current count: 613
current count: 614
current count: 615
current count: 616
current count: 617
current count: 618
current count: 619
current count: 620
current count: 621
current count: 622
current count: 623
current count: 624
current count: 625
current count: 626
current count: 627
current count: 628
current count: 629
current count: 630
current count: 631
current count: 632
current count: 633
current count: 634
current count: 635
current count: 636
current count: 637
current count: 638
current count: 639
current count: 640
current count: 641
current count: 642
current count: 643
current count: 644
current count: 645
current count: 646
current count: 647
current count: 648
current count: 649
current count: 650
current count: 651
current count: 652
current count: 653
current count: 654
current count: 655
current count: 656
current count: 657
current count: 658
current count: 659
current count: 660
current count: 661
current count: 662
current count: 663
current count: 664
current count: 665
current count: 666
current count: 667
current count: 668
current count: 669
current count: 670
current count: 671
current count: 672
current count: 673
current count: 674
current count: 675
current count: 676
current count: 677
current count: 678
current count: 679
current count: 680
current count: 681
current count: 682
current count: 683
current count: 684
current count: 685
current count: 686
current count: 687
current count: 688
current count: 689
current count: 690
current count: 691
current count: 692
current count: 693
current count: 694
current count: 695
current count: 696
current count: 697
current count: 698
current count: 699
current count: 700
current count: 701
current count: 702
current count: 703
current count: 704
current count: 705
current count: 706
current count: 707
current count: 708
current count: 709
current count: 710
current count: 711
current count: 712
current count: 713
current count: 714
current count: 715
current count: 716
current count: 717
current count: 718
current count: 719
current count: 720
current count: 721
current count: 722
current count: 723
current count: 724
current count: 725
current count: 726
current count: 727
current count: 728
current count: 729
current count: 730
current count: 731
current count: 732
current count: 733
current count: 734
current count: 735
current count: 736
current count: 737
current count: 738
current count: 739
current count: 740
current count: 741
current count: 742
current count: 743
current count: 744
current count: 745
current count: 746
current count: 747
current count: 748
current count: 749
current count: 750
current count: 751
current count: 752
current count: 753
current count: 754
current count: 755
current count: 756
current count: 757
current count: 758
current count: 759
current count: 760
current count: 761
current count: 762
current count: 763
current count: 764
current count: 765
current count: 766
current count: 767
current count: 768
current count: 769
current count: 770
current count: 771
current count: 772
current count: 773
current count: 774
current count: 775
current count: 776
current count: 777
current count: 778
current count: 779
current count: 780
current count: 781
current count: 782
current count: 783
current count: 784
current count: 785
current count: 786
current count: 787
current count: 788
current count: 789
current count: 790
current count: 791
current count: 792
current count: 793
current count: 794
current count: 795
current count: 796
current count: 797
current count: 798
current count: 799
current count: 800
current count: 801
current count: 802
current count: 803
current count: 804
current count: 805
current count: 806
current count: 807
current count: 808
current count: 809
current count: 810
current count: 811
current count: 812
current count: 813
current count: 814
current count: 815
current count: 816
current count: 817
current count: 818
current count: 819
current count: 820
current count: 821
current count: 822
current count: 823
current count: 824
current count: 825
current count: 826
current count: 827
current count: 828
current count: 829
current count: 830
current count: 831
current count: 832
current count: 833
current count: 834
current count: 835
current count: 836
current count: 837
current count: 838
current count: 839
current count: 840
current count: 841
current count: 842
current count: 843
current count: 844
current count: 845
current count: 846
current count: 847
current count: 848
current count: 849
current count: 850
current count: 851
current count: 852
current count: 853
current count: 854
current count: 855
current count: 856
current count: 857
current count: 858
current count: 859
current count: 860
current count: 861
current count: 862
current count: 863
current count: 864
current count: 865
current count: 866
current count: 867
current count: 868
current count: 869
current count: 870
current count: 871
current count: 872
current count: 873
current count: 874
current count: 875
current count: 876
current count: 877
current count: 878
current count: 879
current count: 880
current count: 881
current count: 882
current count: 883
current count: 884
current count: 885
current count: 886
current count: 887
current count: 888
current count: 889
current count: 890
current count: 891
current count: 892
current count: 893
current count: 894
current count: 895
current count: 896
current count: 897
current count: 898
current count: 899
current count: 900
current count: 901
current count: 902
current count: 903
current count: 904
current count: 905
current count: 906
current count: 907
current count: 908
current count: 909
current count: 910
current count: 911
current count: 912
current count: 913
current count: 914
current count: 915
current count: 916
current count: 917
current count: 918
current count: 919
current count: 920
current count: 921
current count: 922
current count: 923
current count: 924
current count: 925
current count: 926
current count: 927
current count: 928
current count: 929
current count: 930
current count: 931
current count: 932
current count: 933
current count: 934
current count: 935
current count: 936
current count: 937
current count: 938
current count: 939
current count: 940
current count: 941
current count: 942
current count: 943
current count: 944
current count: 945
current count: 946
current count: 947
current count: 948
current count: 949
current count: 950
current count: 951
current count: 952
current count: 953
current count: 954
current count: 955
current count: 956
current count: 957
current count: 958
current count: 959
current count: 960
current count: 961
current count: 962
current count: 963
current count: 964
current count: 965
current count: 966
current count: 967
current count: 968
current count: 969
current count: 970
current count: 971
current count: 972
current count: 973
current count: 974
current count: 975
current count: 976
current count: 977
current count: 978
current count: 979
current count: 980
current count: 981
current count: 982
current count: 983
current count: 984
current count: 985
current count: 986
current count: 987
current count: 988
current count: 989
current count: 990
current count: 991
current count: 992
current count: 993
current count: 994
current count: 995
current count: 996
current count: 997
current count: 998
current count: 999
current count: 1000
current count: 1001
current count: 1002
current count: 1003
current count: 1004
current count: 1005
current count: 1006
current count: 1007
current count: 1008
current count: 1009
current count: 1010
current count: 1011
current count: 1012
current count: 1013
current count: 1014
current count: 1015
current count: 1016
current count: 1017
current count: 1018
current count: 1019
current count: 1020
current count: 1021
current count: 1022
current count: 1023
current count: 1024
current count: 1025
current count: 1026
current count: 1027
current count: 1028
current count: 1029
current count: 1030
current count: 1031
current count: 1032
current count: 1033
current count: 1034
current count: 1035
current count: 1036
current count: 1037
current count: 1038
current count: 1039
current count: 1040
current count: 1041
current count: 1042
current count: 1043
current count: 1044
current count: 1045
current count: 1046
current count: 1047
current count: 1048
current count: 1049
current count: 1050
current count: 1051
current count: 1052
current count: 1053
current count: 1054
current count: 1055
current count: 1056
current count: 1057
current count: 1058
current count: 1059
current count: 1060
current count: 1061
current count: 1062
current count: 1063
current count: 1064
current count: 1065
current count: 1066
current count: 1067
current count: 1068
current count: 1069
current count: 1070
current count: 1071
current count: 1072
current count: 1073
current count: 1074
current count: 1075
current count: 1076
current count: 1077
current count: 1078
current count: 1079
current count: 1080
current count: 1081
current count: 1082
current count: 1083
current count: 1084
current count: 1085
current count: 1086
current count: 1087
current count: 1088
current count: 1089
current count: 1090
current count: 1091
current count: 1092
current count: 1093
current count: 1094
current count: 1095
current count: 1096
current count: 1097
current count: 1098
current count: 1099
current count: 1100
current count: 1101
current count: 1102
current count: 1103
current count: 1104
current count: 1105
current count: 1106
current count: 1107
current count: 1108
current count: 1109
current count: 1110
current count: 1111
current count: 1112
current count: 1113
current count: 1114
current count: 1115
current count: 1116
current count: 1117
current count: 1118
current count: 1119
current count: 1120
current count: 1121
current count: 1122
current count: 1123
current count: 1124
current count: 1125
current count: 1126
current count: 1127
current count: 1128
current count: 1129
current count: 1130
current count: 1131
current count: 1132
current count: 1133
current count: 1134
current count: 1135
current count: 1136
current count: 1137
current count: 1138
current count: 1139
current count: 1140
current count: 1141
current count: 1142
current count: 1143
current count: 1144
current count: 1145
current count: 1146
current count: 1147
current count: 1148
current count: 1149
current count: 1150
current count: 1151
current count: 1152
current count: 1153
current count: 1154
current count: 1155
current count: 1156
current count: 1157
current count: 1158
current count: 1159
current count: 1160
current count: 1161
current count: 1162
current count: 1163
current count: 1164
current count: 1165
current count: 1166
current count: 1167
current count: 1168
current count: 1169
current count: 1170
current count: 1171
current count: 1172
current count: 1173
current count: 1174
current count: 1175
current count: 1176
current count: 1177
current count: 1178
current count: 1179
current count: 1180
current count: 1181
current count: 1182
current count: 1183
current count: 1184
current count: 1185
current count: 1186
current count: 1187
current count: 1188
current count: 1189
current count: 1190
current count: 1191
current count: 1192
current count: 1193
current count: 1194
current count: 1195
current count: 1196
current count: 1197
current count: 1198
current count: 1199
current count: 1200
current count: 1201
current count: 1202
current count: 1203
current count: 1204
current count: 1205
current count: 1206
current count: 1207
current count: 1208
current count: 1209
current count: 1210
current count: 1211
current count: 1212
current count: 1213
current count: 1214
current count: 1215
current count: 1216
current count: 1217
current count: 1218
current count: 1219
current count: 1220
current count: 1221
current count: 1222
current count: 1223
current count: 1224
current count: 1225
current count: 1226
current count: 1227
current count: 1228
current count: 1229
current count: 1230
current count: 1231
current count: 1232
current count: 1233
current count: 1234
current count: 1235
current count: 1236
current count: 1237
current count: 1238
current count: 1239
current count: 1240
current count: 1241
current count: 1242
current count: 1243
current count: 1244
current count: 1245
current count: 1246
current count: 1247
current count: 1248
current count: 1249
current count: 1250
current count: 1251
current count: 1252
current count: 1253
current count: 1254
current count: 1255
current count: 1256
current count: 1257
current count: 1258
current count: 1259
current count: 1260
current count: 1261
current count: 1262
current count: 1263
current count: 1264
current count: 1265
current count: 1266
current count: 1267
current count: 1268
current count: 1269
current count: 1270
current count: 1271
current count: 1272
current count: 1273
current count: 1274
current count: 1275
current count: 1276
current count: 1277
current count: 1278
current count: 1279
current count: 1280
current count: 1281
current count: 1282
current count: 1283
current count: 1284
current count: 1285
current count: 1286
current count: 1287
current count: 1288
current count: 1289
current count: 1290
current count: 1291
current count: 1292
current count: 1293
current count: 1294
current count: 1295
current count: 1296
current count: 1297
current count: 1298
current count: 1299
current count: 1300
current count: 1301
current count: 1302
current count: 1303
current count: 1304
current count: 1305
current count: 1306
current count: 1307
current count: 1308
current count: 1309
current count: 1310
current count: 1311
current count: 1312
current count: 1313
current count: 1314
current count: 1315
current count: 1316
current count: 1317
current count: 1318
current count: 1319
current count: 1320
current count: 1321
current count: 1322
current count: 1323
current count: 1324
current count: 1325
current count: 1326
current count: 1327
current count: 1328
current count: 1329
current count: 1330
current count: 1331
current count: 1332
current count: 1333
current count: 1334
current count: 1335
current count: 1336
current count: 1337
current count: 1338
current count: 1339
current count: 1340
current count: 1341
current count: 1342
current count: 1343
current count: 1344
current count: 1345
current count: 1346
current count: 1347
current count: 1348
current count: 1349
current count: 1350
current count: 1351
current count: 1352
current count: 1353
current count: 1354
current count: 1355
current count: 1356
current count: 1357
current count: 1358
current count: 1359
current count: 1360
current count: 1361
current count: 1362
current count: 1363
current count: 1364
current count: 1365
current count: 1366
current count: 1367
current count: 1368
current count: 1369
current count: 1370
current count: 1371
current count: 1372
current count: 1373
current count: 1374
current count: 1375
current count: 1376
current count: 1377
current count: 1378
current count: 1379
current count: 1380
current count: 1381
current count: 1382
current count: 1383
current count: 1384
current count: 1385
current count: 1386
current count: 1387
current count: 1388
current count: 1389
current count: 1390
current count: 1391
current count: 1392
current count: 1393
current count: 1394
current count: 1395
current count: 1396
current count: 1397
current count: 1398
current count: 1399
current count: 1400
current count: 1401
current count: 1402
current count: 1403
current count: 1404
current count: 1405
current count: 1406
current count: 1407
current count: 1408
current count: 1409
current count: 1410
current count: 1411
current count: 1412
current count: 1413
current count: 1414
current count: 1415
current count: 1416
current count: 1417
current count: 1418
current count: 1419
current count: 1420
current count: 1421
current count: 1422
current count: 1423
current count: 1424
current count: 1425
current count: 1426
current count: 1427
current count: 1428
current count: 1429
current count: 1430
current count: 1431
current count: 1432
current count: 1433
current count: 1434
current count: 1435
current count: 1436
current count: 1437
current count: 1438
current count: 1439
current count: 1440
current count: 1441
current count: 1442
current count: 1443
current count: 1444
current count: 1445
current count: 1446
current count: 1447
current count: 1448
current count: 1449
current count: 1450
current count: 1451
current count: 1452
current count: 1453
current count: 1454
current count: 1455
current count: 1456
current count: 1457
current count: 1458
current count: 1459
current count: 1460
current count: 1461
current count: 1462
current count: 1463
current count: 1464
current count: 1465
current count: 1466
current count: 1467
current count: 1468
current count: 1469
current count: 1470
current count: 1471
current count: 1472
current count: 1473
current count: 1474
current count: 1475
current count: 1476
current count: 1477
current count: 1478
current count: 1479
current count: 1480
current count: 1481
current count: 1482
current count: 1483
current count: 1484
current count: 1485
current count: 1486
current count: 1487
current count: 1488
current count: 1489
current count: 1490
current count: 1491
current count: 1492
current count: 1493
current count: 1494
current count: 1495
current count: 1496
current count: 1497
current count: 1498
current count: 1499
current count: 1500
current count: 1501
current count: 1502
current count: 1503
current count: 1504
current count: 1505
current count: 1506
current count: 1507
current count: 1508
current count: 1509
current count: 1510
current count: 1511
current count: 1512
current count: 1513
current count: 1514
current count: 1515
current count: 1516
current count: 1517
current count: 1518
current count: 1519
current count: 1520
current count: 1521
current count: 1522
current count: 1523
current count: 1524
current count: 1525
current count: 1526
current count: 1527
current count: 1528
current count: 1529
current count: 1530
current count: 1531
current count: 1532
current count: 1533
current count: 1534
current count: 1535
current count: 1536
current count: 1537
current count: 1538
current count: 1539
current count: 1540
current count: 1541
current count: 1542
current count: 1543
current count: 1544
current count: 1545
current count: 1546
current count: 1547
current count: 1548
current count: 1549
current count: 1550
current count: 1551
current count: 1552
current count: 1553
current count: 1554
current count: 1555
current count: 1556
current count: 1557
current count: 1558
current count: 1559
current count: 1560
current count: 1561
current count: 1562
current count: 1563
current count: 1564
current count: 1565
current count: 1566
current count: 1567
current count: 1568
current count: 1569
current count: 1570
current count: 1571
current count: 1572
current count: 1573
current count: 1574
current count: 1575
current count: 1576
current count: 1577
current count: 1578
current count: 1579
current count: 1580
current count: 1581
current count: 1582
current count: 1583
current count: 1584
current count: 1585
current count: 1586
current count: 1587
current count: 1588
current count: 1589
current count: 1590
current count: 1591
current count: 1592
current count: 1593
current count: 1594
current count: 1595
current count: 1596
current count: 1597
current count: 1598
current count: 1599
current count: 1600
current count: 1601
current count: 1602
current count: 1603
current count: 1604
current count: 1605
current count: 1606
current count: 1607
current count: 1608
current count: 1609
current count: 1610
current count: 1611
current count: 1612
current count: 1613
current count: 1614
current count: 1615
current count: 1616
current count: 1617
current count: 1618
current count: 1619
current count: 1620
current count: 1621
current count: 1622
current count: 1623
current count: 1624
current count: 1625
current count: 1626
current count: 1627
current count: 1628
current count: 1629
current count: 1630
current count: 1631
current count: 1632
current count: 1633
current count: 1634
current count: 1635
current count: 1636
current count: 1637
current count: 1638
current count: 1639
current count: 1640
current count: 1641
current count: 1642
current count: 1643
current count: 1644
current count: 1645
current count: 1646
current count: 1647
current count: 1648
current count: 1649
current count: 1650
current count: 1651
current count: 1652
current count: 1653
current count: 1654
current count: 1655
current count: 1656
current count: 1657
current count: 1658
current count: 1659
current count: 1660
current count: 1661
current count: 1662
current count: 1663
current count: 1664
current count: 1665
current count: 1666
current count: 1667
current count: 1668
current count: 1669
current count: 1670
current count: 1671
current count: 1672
current count: 1673
current count: 1674
current count: 1675
current count: 1676
current count: 1677
current count: 1678
current count: 1679
current count: 1680
current count: 1681
current count: 1682
current count: 1683
current count: 1684
current count: 1685
current count: 1686
current count: 1687
current count: 1688
current count: 1689
current count: 1690
current count: 1691
current count: 1692
current count: 1693
current count: 1694
current count: 1695
current count: 1696
current count: 1697
current count: 1698
current count: 1699
current count: 1700
current count: 1701
current count: 1702
current count: 1703
current count: 1704
current count: 1705
current count: 1706
current count: 1707
current count: 1708
current count: 1709
current count: 1710
current count: 1711
current count: 1712
current count: 1713
current count: 1714
current count: 1715
current count: 1716
current count: 1717
current count: 1718
current count: 1719
current count: 1720
current count: 1721
current count: 1722
current count: 1723
current count: 1724
current count: 1725
current count: 1726
current count: 1727
current count: 1728
current count: 1729
current count: 1730
current count: 1731
current count: 1732
current count: 1733
current count: 1734
current count: 1735
current count: 1736
current count: 1737
current count: 1738
current count: 1739
current count: 1740
current count: 1741
current count: 1742
current count: 1743
current count: 1744
current count: 1745
current count: 1746
current count: 1747
current count: 1748
current count: 1749
current count: 1750
current count: 1751
current count: 1752
current count: 1753
current count: 1754
current count: 1755
current count: 1756
current count: 1757
current count: 1758
current count: 1759
current count: 1760
current count: 1761
current count: 1762
current count: 1763
current count: 1764
current count: 1765
current count: 1766
current count: 1767
current count: 1768
current count: 1769
current count: 1770
current count: 1771
current count: 1772
current count: 1773
current count: 1774
current count: 1775
current count: 1776
current count: 1777
current count: 1778
current count: 1779
current count: 1780
current count: 1781
current count: 1782
current count: 1783
current count: 1784
current count: 1785
current count: 1786
current count: 1787
current count: 1788
current count: 1789
current count: 1790
current count: 1791
current count: 1792
current count: 1793
current count: 1794
current count: 1795
current count: 1796
current count: 1797
current count: 1798
current count: 1799
current count: 1800
current count: 1801
current count: 1802
current count: 1803
current count: 1804
current count: 1805
current count: 1806
current count: 1807
current count: 1808
current count: 1809
current count: 1810
current count: 1811
current count: 1812
current count: 1813
current count: 1814
current count: 1815
current count: 1816
current count: 1817
current count: 1818
current count: 1819
current count: 1820
current count: 1821
current count: 1822
current count: 1823
current count: 1824
current count: 1825
current count: 1826
current count: 1827
current count: 1828
current count: 1829
current count: 1830
current count: 1831
current count: 1832
current count: 1833
current count: 1834
current count: 1835
current count: 1836
current count: 1837
current count: 1838
current count: 1839
current count: 1840
current count: 1841
current count: 1842
current count: 1843
current count: 1844
current count: 1845
current count: 1846
current count: 1847
current count: 1848
current count: 1849
current count: 1850
current count: 1851
current count: 1852
current count: 1853
current count: 1854
current count: 1855
current count: 1856
current count: 1857
current count: 1858
current count: 1859
current count: 1860
current count: 1861
current count: 1862
current count: 1863
current count: 1864
current count: 1865
current count: 1866
current count: 1867
current count: 1868
current count: 1869
current count: 1870
current count: 1871
current count: 1872
current count: 1873
current count: 1874
current count: 1875
current count: 1876
current count: 1877
current count: 1878
current count: 1879
current count: 1880
current count: 1881
current count: 1882
current count: 1883
current count: 1884
current count: 1885
current count: 1886
current count: 1887
current count: 1888
current count: 1889
current count: 1890
current count: 1891
current count: 1892
current count: 1893
current count: 1894
current count: 1895
current count: 1896
current count: 1897
current count: 1898
current count: 1899
current count: 1900
current count: 1901
current count: 1902
current count: 1903
current count: 1904
current count: 1905
current count: 1906
current count: 1907
current count: 1908
current count: 1909
current count: 1910
current count: 1911
current count: 1912
current count: 1913
current count: 1914
current count: 1915
current count: 1916
current count: 1917
current count: 1918
current count: 1919
current count: 1920
current count: 1921
current count: 1922
current count: 1923
current count: 1924
current count: 1925
current count: 1926
current count: 1927
current count: 1928
current count: 1929
current count: 1930
current count: 1931
current count: 1932
current count: 1933
current count: 1934
current count: 1935
current count: 1936
current count: 1937
current count: 1938
current count: 1939
current count: 1940
current count: 1941
current count: 1942
current count: 1943
current count: 1944
current count: 1945
current count: 1946
current count: 1947
current count: 1948
current count: 1949
current count: 1950
current count: 1951
current count: 1952
current count: 1953
current count: 1954
current count: 1955
current count: 1956
current count: 1957
current count: 1958
current count: 1959
current count: 1960
current count: 1961
current count: 1962
current count: 1963
current count: 1964
current count: 1965
current count: 1966
current count: 1967
current count: 1968
current count: 1969
current count: 1970
current count: 1971
current count: 1972
current count: 1973
current count: 1974
current count: 1975
current count: 1976
current count: 1977
current count: 1978
current count: 1979
current count: 1980
current count: 1981
current count: 1982
current count: 1983
current count: 1984
current count: 1985
current count: 1986
current count: 1987
current count: 1988
current count: 1989
current count: 1990
current count: 1991
current count: 1992
current count: 1993
current count: 1994
current count: 1995
current count: 1996
current count: 1997
current count: 1998
current count: 1999
current count: 2000
current count: 2001
current count: 2002
current count: 2003
current count: 2004
current count: 2005
current count: 2006
current count: 2007
current count: 2008
current count: 2009
current count: 2010
current count: 2011
current count: 2012
current count: 2013
current count: 2014
current count: 2015
current count: 2016
current count: 2017
current count: 2018
current count: 2019
current count: 2020
current count: 2021
current count: 2022
current count: 2023
current count: 2024
current count: 2025
current count: 2026
current count: 2027
current count: 2028
current count: 2029
current count: 2030
current count: 2031
current count: 2032
current count: 2033
current count: 2034
current count: 2035
current count: 2036
current count: 2037
current count: 2038
current count: 2039
current count: 2040
current count: 2041
current count: 2042
current count: 2043
current count: 2044
current count: 2045
current count: 2046
current count: 2047
current count: 2048
current count: 2049
current count: 2050
current count: 2051
current count: 2052
current count: 2053
current count: 2054
current count: 2055
current count: 2056
current count: 2057
current count: 2058
current count: 2059
current count: 2060
current count: 2061
current count: 2062
current count: 2063
current count: 2064
current count: 2065
current count: 2066
current count: 2067
current count: 2068
current count: 2069
current count: 2070
current count: 2071
current count: 2072
current count: 2073
current count: 2074
current count: 2075
current count: 2076
current count: 2077
current count: 2078
current count: 2079
current count: 2080
current count: 2081
current count: 2082
current count: 2083
current count: 2084
current count: 2085
current count: 2086
current count: 2087
current count: 2088
current count: 2089
current count: 2090
current count: 2091
current count: 2092
current count: 2093
current count: 2094
current count: 2095
current count: 2096
current count: 2097
current count: 2098
current count: 2099
current count: 2100
current count: 2101
current count: 2102
current count: 2103
current count: 2104
current count: 2105
current count: 2106
current count: 2107
current count: 2108
current count: 2109
current count: 2110
current count: 2111
current count: 2112
current count: 2113
current count: 2114
current count: 2115
current count: 2116
current count: 2117
current count: 2118
current count: 2119
current count: 2120
current count: 2121
current count: 2122
current count: 2123
current count: 2124
current count: 2125
current count: 2126
current count: 2127
current count: 2128
current count: 2129
current count: 2130
current count: 2131
current count: 2132
current count: 2133
current count: 2134
current count: 2135
current count: 2136
current count: 2137
current count: 2138
current count: 2139
current count: 2140
current count: 2141
current count: 2142
current count: 2143
current count: 2144
current count: 2145
current count: 2146
current count: 2147
current count: 2148
current count: 2149
current count: 2150
current count: 2151
current count: 2152
current count: 2153
current count: 2154
current count: 2155
current count: 2156
current count: 2157
current count: 2158
current count: 2159
current count: 2160
current count: 2161
current count: 2162
current count: 2163
current count: 2164
current count: 2165
current count: 2166
current count: 2167
current count: 2168
current count: 2169
current count: 2170
current count: 2171
current count: 2172
current count: 2173
current count: 2174
current count: 2175
current count: 2176
current count: 2177
current count: 2178
current count: 2179
current count: 2180
current count: 2181
current count: 2182
current count: 2183
current count: 2184
current count: 2185
current count: 2186
current count: 2187
current count: 2188
current count: 2189
current count: 2190
current count: 2191
current count: 2192
current count: 2193
current count: 2194
current count: 2195
current count: 2196
current count: 2197
current count: 2198
current count: 2199
current count: 2200
current count: 2201
current count: 2202
current count: 2203
current count: 2204
current count: 2205
current count: 2206
current count: 2207
current count: 2208
current count: 2209
current count: 2210
current count: 2211
current count: 2212
current count: 2213
current count: 2214
current count: 2215
current count: 2216
current count: 2217
current count: 2218
current count: 2219
current count: 2220
current count: 2221
current count: 2222
current count: 2223
current count: 2224
current count: 2225
current count: 2226
current count: 2227
current count: 2228
current count: 2229
current count: 2230
current count: 2231
current count: 2232
current count: 2233
current count: 2234
current count: 2235
current count: 2236
current count: 2237
current count: 2238
current count: 2239
current count: 2240
current count: 2241
current count: 2242
current count: 2243
current count: 2244
current count: 2245
current count: 2246
current count: 2247
current count: 2248
current count: 2249
current count: 2250
current count: 2251
current count: 2252
current count: 2253
current count: 2254
current count: 2255
current count: 2256
current count: 2257
current count: 2258
current count: 2259
current count: 2260
current count: 2261
current count: 2262
current count: 2263
current count: 2264
current count: 2265
current count: 2266
current count: 2267
current count: 2268
current count: 2269
current count: 2270
current count: 2271
current count: 2272
current count: 2273
current count: 2274
current count: 2275
current count: 2276
current count: 2277
current count: 2278
current count: 2279
current count: 2280
current count: 2281
current count: 2282
current count: 2283
current count: 2284
current count: 2285
current count: 2286
current count: 2287
current count: 2288
current count: 2289
current count: 2290
current count: 2291
current count: 2292
current count: 2293
current count: 2294
current count: 2295
current count: 2296
current count: 2297
current count: 2298
current count: 2299
current count: 2300
current count: 2301
current count: 2302
current count: 2303
current count: 2304
current count: 2305
current count: 2306
current count: 2307
current count: 2308
current count: 2309
current count: 2310
current count: 2311
current count: 2312
current count: 2313
current count: 2314
current count: 2315
current count: 2316
current count: 2317
current count: 2318
current count: 2319
current count: 2320
current count: 2321
current count: 2322
current count: 2323
current count: 2324
current count: 2325
current count: 2326
current count: 2327
current count: 2328
current count: 2329
current count: 2330
current count: 2331
current count: 2332
current count: 2333
current count: 2334
current count: 2335
current count: 2336
current count: 2337
current count: 2338
current count: 2339
current count: 2340
current count: 2341
current count: 2342
current count: 2343
current count: 2344
current count: 2345
current count: 2346
current count: 2347
current count: 2348
current count: 2349
current count: 2350
current count: 2351
current count: 2352
current count: 2353
current count: 2354
current count: 2355
current count: 2356
current count: 2357
current count: 2358
current count: 2359
current count: 2360
current count: 2361
current count: 2362
current count: 2363
current count: 2364
current count: 2365
current count: 2366
current count: 2367
current count: 2368
current count: 2369
current count: 2370
current count: 2371
current count: 2372
current count: 2373
current count: 2374
current count: 2375
current count: 2376
current count: 2377
current count: 2378
current count: 2379
current count: 2380
current count: 2381
current count: 2382
current count: 2383
current count: 2384
current count: 2385
current count: 2386
current count: 2387
current count: 2388
current count: 2389
current count: 2390
current count: 2391
current count: 2392
current count: 2393
current count: 2394
current count: 2395
current count: 2396
current count: 2397
current count: 2398
current count: 2399
current count: 2400
current count: 2401
current count: 2402
current count: 2403
current count: 2404
current count: 2405
current count: 2406
current count: 2407
current count: 2408
current count: 2409
current count: 2410
current count: 2411
current count: 2412
current count: 2413
current count: 2414
current count: 2415
current count: 2416
current count: 2417
current count: 2418
current count: 2419
current count: 2420
current count: 2421
current count: 2422
current count: 2423
current count: 2424
current count: 2425
current count: 2426
current count: 2427
current count: 2428
current count: 2429
current count: 2430
current count: 2431
current count: 2432
current count: 2433
current count: 2434
current count: 2435
current count: 2436
current count: 2437
current count: 2438
current count: 2439
current count: 2440
current count: 2441
current count: 2442
current count: 2443
current count: 2444
current count: 2445
current count: 2446
current count: 2447
current count: 2448
current count: 2449
current count: 2450
current count: 2451
current count: 2452
current count: 2453
current count: 2454
current count: 2455
current count: 2456
current count: 2457
current count: 2458
current count: 2459
current count: 2460
current count: 2461
current count: 2462
current count: 2463
current count: 2464
current count: 2465
current count: 2466
current count: 2467
current count: 2468
current count: 2469
current count: 2470
current count: 2471
current count: 2472
current count: 2473
current count: 2474
current count: 2475
current count: 2476
current count: 2477
current count: 2478
current count: 2479
current count: 2480
current count: 2481
current count: 2482
current count: 2483
current count: 2484
current count: 2485
current count: 2486
current count: 2487
current count: 2488
current count: 2489
current count: 2490
current count: 2491
current count: 2492
current count: 2493
current count: 2494
current count: 2495
current count: 2496
current count: 2497
current count: 2498
current count: 2499
current count: 2500
current count: 2501
current count: 2502
current count: 2503
current count: 2504
current count: 2505
current count: 2506
current count: 2507
current count: 2508
current count: 2509
current count: 2510
current count: 2511
current count: 2512
current count: 2513
current count: 2514
current count: 2515
current count: 2516
current count: 2517
current count: 2518
current count: 2519
current count: 2520
current count: 2521
current count: 2522
current count: 2523
current count: 2524
current count: 2525
current count: 2526
current count: 2527
current count: 2528
current count: 2529
current count: 2530
current count: 2531
current count: 2532
current count: 2533
current count: 2534
current count: 2535
current count: 2536
current count: 2537
current count: 2538
current count: 2539
current count: 2540
current count: 2541
current count: 2542
current count: 2543
current count: 2544
current count: 2545
current count: 2546
current count: 2547
current count: 2548
current count: 2549
current count: 2550
current count: 2551
current count: 2552
current count: 2553
current count: 2554
current count: 2555
current count: 2556
current count: 2557
current count: 2558
current count: 2559
current count: 2560
current count: 2561
current count: 2562
current count: 2563
current count: 2564
current count: 2565
current count: 2566
current count: 2567
current count: 2568
current count: 2569
current count: 2570
current count: 2571
current count: 2572
current count: 2573
current count: 2574
current count: 2575
current count: 2576
current count: 2577
current count: 2578
current count: 2579
current count: 2580
current count: 2581
current count: 2582
current count: 2583
current count: 2584
current count: 2585
current count: 2586
current count: 2587
current count: 2588
current count: 2589
current count: 2590
current count: 2591
current count: 2592
current count: 2593
current count: 2594
current count: 2595
current count: 2596
current count: 2597
current count: 2598
current count: 2599
current count: 2600
current count: 2601
current count: 2602
current count: 2603
current count: 2604
current count: 2605
current count: 2606
current count: 2607
current count: 2608
current count: 2609
current count: 2610
current count: 2611
current count: 2612
current count: 2613
current count: 2614
current count: 2615
current count: 2616
current count: 2617
current count: 2618
current count: 2619
current count: 2620
current count: 2621
current count: 2622
current count: 2623
current count: 2624
current count: 2625
current count: 2626
current count: 2627
current count: 2628
current count: 2629
current count: 2630
current count: 2631
current count: 2632
current count: 2633
current count: 2634
current count: 2635
current count: 2636
current count: 2637
current count: 2638
current count: 2639
current count: 2640
current count: 2641
current count: 2642
current count: 2643
current count: 2644
current count: 2645
current count: 2646
current count: 2647
current count: 2648
current count: 2649
current count: 2650
current count: 2651
current count: 2652
current count: 2653
current count: 2654
current count: 2655
current count: 2656
current count: 2657
current count: 2658
current count: 2659
current count: 2660
current count: 2661
current count: 2662
current count: 2663
current count: 2664
current count: 2665
current count: 2666
current count: 2667
current count: 2668
current count: 2669
current count: 2670
current count: 2671
current count: 2672
current count: 2673
current count: 2674
current count: 2675
current count: 2676
current count: 2677
current count: 2678
current count: 2679
current count: 2680
current count: 2681
current count: 2682
current count: 2683
current count: 2684
current count: 2685
current count: 2686
current count: 2687
current count: 2688
current count: 2689
current count: 2690
current count: 2691
current count: 2692
current count: 2693
current count: 2694
current count: 2695
current count: 2696
current count: 2697
current count: 2698
current count: 2699
current count: 2700
current count: 2701
current count: 2702
current count: 2703
current count: 2704
current count: 2705
current count: 2706
current count: 2707
current count: 2708
current count: 2709
current count: 2710
current count: 2711
current count: 2712
current count: 2713
current count: 2714
current count: 2715
current count: 2716
current count: 2717
current count: 2718
current count: 2719
current count: 2720
current count: 2721
current count: 2722
current count: 2723
current count: 2724
current count: 2725
current count: 2726
current count: 2727
current count: 2728
current count: 2729
current count: 2730
current count: 2731
current count: 2732
current count: 2733
current count: 2734
current count: 2735
current count: 2736
current count: 2737
current count: 2738
current count: 2739
current count: 2740
current count: 2741
current count: 2742
current count: 2743
current count: 2744
current count: 2745
current count: 2746
current count: 2747
current count: 2748
current count: 2749
current count: 2750
current count: 2751
current count: 2752
current count: 2753
current count: 2754
current count: 2755
current count: 2756
current count: 2757
current count: 2758
current count: 2759
current count: 2760
current count: 2761
current count: 2762
current count: 2763
current count: 2764
current count: 2765
current count: 2766
current count: 2767
current count: 2768
current count: 2769
current count: 2770
current count: 2771
current count: 2772
current count: 2773
current count: 2774
current count: 2775
current count: 2776
current count: 2777
current count: 2778
current count: 2779
current count: 2780
current count: 2781
current count: 2782
current count: 2783
current count: 2784
current count: 2785
current count: 2786
current count: 2787
current count: 2788
current count: 2789
current count: 2790
current count: 2791
current count: 2792
current count: 2793
current count: 2794
current count: 2795
current count: 2796
current count: 2797
current count: 2798
current count: 2799
current count: 2800
current count: 2801
current count: 2802
current count: 2803
current count: 2804
current count: 2805
current count: 2806
current count: 2807
current count: 2808
current count: 2809
current count: 2810
current count: 2811
current count: 2812
current count: 2813
current count: 2814
current count: 2815
current count: 2816
current count: 2817
current count: 2818
current count: 2819
current count: 2820
current count: 2821
current count: 2822
current count: 2823
current count: 2824
current count: 2825
current count: 2826
current count: 2827
current count: 2828
current count: 2829
current count: 2830
current count: 2831
current count: 2832
current count: 2833
current count: 2834
current count: 2835
current count: 2836
current count: 2837
current count: 2838
current count: 2839
current count: 2840
current count: 2841
current count: 2842
current count: 2843
current count: 2844
current count: 2845
current count: 2846
current count: 2847
current count: 2848
current count: 2849
current count: 2850
current count: 2851
current count: 2852
current count: 2853
current count: 2854
current count: 2855
current count: 2856
current count: 2857
current count: 2858
current count: 2859
current count: 2860
current count: 2861
current count: 2862
current count: 2863
current count: 2864
current count: 2865
current count: 2866
current count: 2867
current count: 2868
current count: 2869
current count: 2870
current count: 2871
current count: 2872
current count: 2873
current count: 2874
current count: 2875
current count: 2876
current count: 2877
current count: 2878
current count: 2879
current count: 2880
current count: 2881
current count: 2882
current count: 2883
current count: 2884
current count: 2885
current count: 2886
current count: 2887
current count: 2888
current count: 2889
current count: 2890
current count: 2891
current count: 2892
current count: 2893
current count: 2894
current count: 2895
current count: 2896
current count: 2897
current count: 2898
current count: 2899
current count: 2900
current count: 2901
current count: 2902
current count: 2903
current count: 2904
current count: 2905
current count: 2906
current count: 2907
current count: 2908
current count: 2909
current count: 2910
current count: 2911
current count: 2912
current count: 2913
current count: 2914
current count: 2915
current count: 2916
current count: 2917
current count: 2918
current count: 2919
current count: 2920
current count: 2921
current count: 2922
current count: 2923
current count: 2924
current count: 2925
current count: 2926
current count: 2927
current count: 2928
current count: 2929
current count: 2930
current count: 2931
current count: 2932
current count: 2933
current count: 2934
current count: 2935
current count: 2936
current count: 2937
current count: 2938
current count: 2939
current count: 2940
current count: 2941
current count: 2942
current count: 2943
current count: 2944
current count: 2945
current count: 2946
current count: 2947
current count: 2948
current count: 2949
current count: 2950
current count: 2951
current count: 2952
current count: 2953
current count: 2954
current count: 2955
current count: 2956
current count: 2957
current count: 2958
current count: 2959
current count: 2960
current count: 2961
current count: 2962
current count: 2963
current count: 2964
current count: 2965
current count: 2966
current count: 2967
current count: 2968
current count: 2969
current count: 2970
current count: 2971
current count: 2972
current count: 2973
current count: 2974
current count: 2975
current count: 2976
current count: 2977
current count: 2978
current count: 2979
current count: 2980
current count: 2981
current count: 2982
current count: 2983
current count: 2984
current count: 2985
current count: 2986
current count: 2987
current count: 2988
current count: 2989
current count: 2990
current count: 2991
current count: 2992
current count: 2993
current count: 2994
current count: 2995
current count: 2996
current count: 2997
current count: 2998
current count: 2999
current count: 3000
current count: 3001
current count: 3002
current count: 3003
current count: 3004
current count: 3005
current count: 3006
current count: 3007
current count: 3008
current count: 3009
current count: 3010
current count: 3011
current count: 3012
current count: 3013
current count: 3014
current count: 3015
current count: 3016
current count: 3017
current count: 3018
current count: 3019
current count: 3020
current count: 3021
current count: 3022
current count: 3023
current count: 3024
current count: 3025
current count: 3026
current count: 3027
current count: 3028
current count: 3029
current count: 3030
current count: 3031
current count: 3032
current count: 3033
current count: 3034
current count: 3035
current count: 3036
current count: 3037
current count: 3038
current count: 3039
current count: 3040
current count: 3041
current count: 3042
current count: 3043
current count: 3044
current count: 3045
current count: 3046
current count: 3047
current count: 3048
current count: 3049
current count: 3050
current count: 3051
current count: 3052
current count: 3053
current count: 3054
current count: 3055
current count: 3056
current count: 3057
current count: 3058
current count: 3059
current count: 3060
current count: 3061
current count: 3062
current count: 3063
current count: 3064
current count: 3065
current count: 3066
current count: 3067
current count: 3068
current count: 3069
current count: 3070
current count: 3071
current count: 3072
current count: 3073
current count: 3074
current count: 3075
current count: 3076
current count: 3077
current count: 3078
current count: 3079
current count: 3080
current count: 3081
current count: 3082
current count: 3083
current count: 3084
current count: 3085
current count: 3086
current count: 3087
current count: 3088
current count: 3089
current count: 3090
current count: 3091
current count: 3092
current count: 3093
current count: 3094
current count: 3095
current count: 3096
current count: 3097
current count: 3098
current count: 3099
current count: 3100
current count: 3101
current count: 3102
current count: 3103
current count: 3104
current count: 3105
current count: 3106
current count: 3107
current count: 3108
current count: 3109
current count: 3110
current count: 3111
current count: 3112
current count: 3113
current count: 3114
current count: 3115
current count: 3116
current count: 3117
current count: 3118
current count: 3119
current count: 3120
current count: 3121
current count: 3122
current count: 3123
current count: 3124
current count: 3125
current count: 3126
current count: 3127
current count: 3128
current count: 3129
current count: 3130
current count: 3131
current count: 3132
current count: 3133
current count: 3134
current count: 3135
current count: 3136
current count: 3137
current count: 3138
current count: 3139
current count: 3140
current count: 3141
current count: 3142
current count: 3143
current count: 3144
current count: 3145
current count: 3146
current count: 3147
current count: 3148
current count: 3149
current count: 3150
current count: 3151
current count: 3152
current count: 3153
current count: 3154
current count: 3155
current count: 3156
current count: 3157
current count: 3158
current count: 3159
current count: 3160
current count: 3161
current count: 3162
current count: 3163
current count: 3164
context_switch
print nvmain stat
[H] Child 7808 done
[H] All children done, exiting
